roots.modifiers.modifiers.additional_target1
roots.modifiers.modifiers.additional_target1.desc
roots.modifiers.modifiers.animal_savior
roots.modifiers.modifiers.animal_savior.desc
roots.modifiers.modifiers.avalanche
roots.modifiers.modifiers.avalanche.desc
roots.modifiers.modifiers.unholy_command
roots.modifiers.modifiers.unholy_command.desc
roots.modifiers.modifiers.waterfall
roots.modifiers.modifiers.waterfall.desc
roots.modifiers.modifiers.weakened_response
roots.modifiers.modifiers.weakened_response.desc
roots.modifiers.modifiers.extended_geas
roots.modifiers.modifiers.extended_geas.desc
roots.modifiers.modifiers.additional_target2
roots.modifiers.modifiers.additional_target2.desc
roots.modifiers.modifiers.inferno
roots.modifiers.modifiers.inferno.desc
roots.modifiers.modifiers.peaceful_trap
roots.modifiers.modifiers.peaceful_trap.desc
roots.modifiers.modifiers.poisonous_trap
roots.modifiers.modifiers.poisonous_trap.desc
roots.modifiers.modifiers.fire_trap
roots.modifiers.modifiers.fire_trap.desc
roots.modifiers.modifiers.larger_trap
roots.modifiers.modifiers.larger_trap.desc
roots.modifiers.modifiers.slowing_trap
roots.modifiers.modifiers.slowing_trap.desc
roots.modifiers.modifiers.boosting_trap
roots.modifiers.modifiers.boosting_trap.desc
roots.modifiers.modifiers.empowering_trap
roots.modifiers.modifiers.empowering_trap.desc
roots.modifiers.modifiers.weakening_trap
roots.modifiers.modifiers.weakening_trap.desc
roots.modifiers.modifiers.repelling_trap
roots.modifiers.modifiers.repelling_trap.desc
roots.modifiers.modifiers.ghostly_trap
roots.modifiers.modifiers.ghostly_trap.desc
roots.modifiers.modifiers.bubble_amplified
roots.modifiers.modifiers.bubble_amplified.desc
roots.modifiers.modifiers.barkskin
roots.modifiers.modifiers.barkskin.desc
roots.modifiers.modifiers.reflective_bubble
roots.modifiers.modifiers.reflective_bubble.desc
roots.modifiers.modifiers.spirit_bubble
roots.modifiers.modifiers.spirit_bubble.desc
roots.modifiers.modifiers.faithful_sharing
roots.modifiers.modifiers.faithful_sharing.desc
roots.modifiers.modifiers.moon_bubble
roots.modifiers.modifiers.moon_bubble.desc
roots.modifiers.modifiers.stoneskin
roots.modifiers.modifiers.stoneskin.desc
roots.modifiers.modifiers.bubble_knockback
roots.modifiers.modifiers.bubble_knockback.desc
roots.modifiers.modifiers.poison_protection
roots.modifiers.modifiers.poison_protection.desc
roots.modifiers.modifiers.boost_drops
roots.modifiers.modifiers.boost_drops.desc
roots.modifiers.modifiers.disarm_duumvirate
roots.modifiers.modifiers.disarm_duumvirate.desc
roots.modifiers.modifiers.blaze
roots.modifiers.modifiers.blaze.desc
roots.modifiers.modifiers.armor_i
roots.modifiers.modifiers.armor_i.desc
roots.modifiers.modifiers.armor_ii
roots.modifiers.modifiers.armor_ii.desc
roots.modifiers.modifiers.flower_child
roots.modifiers.modifiers.flower_child.desc
roots.modifiers.modifiers.poison_hands
roots.modifiers.modifiers.poison_hands.desc
roots.modifiers.modifiers.liquid_lurch
roots.modifiers.modifiers.liquid_lurch.desc
roots.modifiers.modifiers.weakness
roots.modifiers.modifiers.weakness.desc
roots.modifiers.modifiers.inflammatory_bubble
roots.modifiers.modifiers.inflammatory_bubble.desc
roots.modifiers.modifiers.earthen_radius
roots.modifiers.modifiers.earthen_radius.desc
roots.modifiers.modifiers.spider_unsuffrage
roots.modifiers.modifiers.spider_unsuffrage.desc
roots.modifiers.modifiers.liquid_repulsion
roots.modifiers.modifiers.liquid_repulsion.desc
roots.modifiers.modifiers.withering
roots.modifiers.modifiers.withering.desc
roots.modifiers.modifiers.reject_nature
roots.modifiers.modifiers.reject_nature.desc
roots.modifiers.modifiers.undead_rejection
roots.modifiers.modifiers.undead_rejection.desc
roots.modifiers.modifiers.repulsive_bubble
roots.modifiers.modifiers.repulsive_bubble.desc
roots.modifiers.modifiers.levitating_bubble
roots.modifiers.modifiers.levitating_bubble.desc
roots.modifiers.modifiers.ice_age
roots.modifiers.modifiers.ice_age.desc
roots.modifiers.modifiers.time_slip
roots.modifiers.modifiers.time_slip.desc
roots.modifiers.modifiers.minor_halt
roots.modifiers.modifiers.minor_halt.desc
roots.modifiers.modifiers.hasty_escape
roots.modifiers.modifiers.hasty_escape.desc
roots.modifiers.modifiers.burn_in_hell
roots.modifiers.modifiers.burn_in_hell.desc
roots.modifiers.modifiers.freed_familiars
roots.modifiers.modifiers.freed_familiars.desc
roots.modifiers.modifiers.overtime
roots.modifiers.modifiers.overtime.desc
roots.modifiers.modifiers.peaceful_passage
roots.modifiers.modifiers.peaceful_passage.desc
roots.modifiers.modifiers.draining_stop
roots.modifiers.modifiers.draining_stop.desc
roots.modifiers.modifiers.rampant_growth_i
roots.modifiers.modifiers.rampant_growth_i.desc
roots.modifiers.modifiers.false_night
roots.modifiers.modifiers.false_night.desc
roots.modifiers.modifiers.rampant_growth_ii
roots.modifiers.modifiers.rampant_growth_ii.desc
roots.modifiers.modifiers.embiggening
roots.modifiers.modifiers.embiggening.desc
roots.modifiers.modifiers.flower_spreading
roots.modifiers.modifiers.flower_spreading.desc
roots.modifiers.modifiers.arms_of_air
roots.modifiers.modifiers.arms_of_air.desc
roots.modifiers.modifiers.rampant_breeding
roots.modifiers.modifiers.rampant_breeding.desc
roots.modifiers.modifiers.ore_infusion
roots.modifiers.modifiers.ore_infusion.desc
roots.modifiers.modifiers.hydration
roots.modifiers.modifiers.hydration.desc
roots.modifiers.modifiers.incubation
roots.modifiers.modifiers.incubation.desc
roots.modifiers.modifiers.jaunt
roots.modifiers.modifiers.jaunt.desc
roots.modifiers.modifiers.regenerative_sky
roots.modifiers.modifiers.regenerative_sky.desc
roots.modifiers.modifiers.momentum
roots.modifiers.modifiers.momentum.desc
roots.modifiers.modifiers.friendly_earth
roots.modifiers.modifiers.friendly_earth.desc
roots.modifiers.modifiers.eternal_flame
roots.modifiers.modifiers.eternal_flame.desc
roots.modifiers.modifiers.slow_fall
roots.modifiers.modifiers.slow_fall.desc
roots.modifiers.modifiers.verticality
roots.modifiers.modifiers.verticality.desc
roots.modifiers.modifiers.aquaplane
roots.modifiers.modifiers.aquaplane.desc
roots.modifiers.modifiers.arboreal_bypass
roots.modifiers.modifiers.arboreal_bypass.desc
roots.modifiers.modifiers.chem_trails
roots.modifiers.modifiers.chem_trails.desc
roots.modifiers.modifiers.antivenom
roots.modifiers.modifiers.antivenom.desc
roots.modifiers.modifiers.scattered_goods
roots.modifiers.modifiers.scattered_goods.desc
roots.modifiers.modifiers.big_bellied
roots.modifiers.modifiers.big_bellied.desc
roots.modifiers.modifiers.root_lover
roots.modifiers.modifiers.root_lover.desc
roots.modifiers.modifiers.cooked_goods
roots.modifiers.modifiers.cooked_goods.desc
roots.modifiers.modifiers.bottled_goods
roots.modifiers.modifiers.bottled_goods.desc
roots.modifiers.modifiers.inversion
roots.modifiers.modifiers.inversion.desc
roots.modifiers.modifiers.iron_excess
roots.modifiers.modifiers.iron_excess.desc
roots.modifiers.modifiers.iron_gut
roots.modifiers.modifiers.iron_gut.desc
roots.modifiers.modifiers.spiritual_duality
roots.modifiers.modifiers.spiritual_duality.desc
roots.modifiers.modifiers.floating_cinders
roots.modifiers.modifiers.floating_cinders.desc
roots.modifiers.modifiers.pyroclastic_cloud
roots.modifiers.modifiers.pyroclastic_cloud.desc
roots.modifiers.modifiers.peaceful_flame
roots.modifiers.modifiers.peaceful_flame.desc
roots.modifiers.modifiers.slow_fire
roots.modifiers.modifiers.slow_fire.desc
roots.modifiers.modifiers.fire_and_ice
roots.modifiers.modifiers.fire_and_ice.desc
roots.modifiers.modifiers.purple_flame
roots.modifiers.modifiers.purple_flame.desc
roots.modifiers.modifiers.poisoned_fire
roots.modifiers.modifiers.poisoned_fire.desc
roots.modifiers.modifiers.weakening_thorns
roots.modifiers.modifiers.weakening_thorns.desc
roots.modifiers.modifiers.green_flame
roots.modifiers.modifiers.green_flame.desc
roots.modifiers.modifiers.magnetic_harvester
roots.modifiers.modifiers.magnetic_harvester.desc
roots.modifiers.modifiers.grass_harvester
roots.modifiers.modifiers.grass_harvester.desc
roots.modifiers.modifiers.dewebbing
roots.modifiers.modifiers.dewebbing.desc
roots.modifiers.modifiers.leaf_harvester
roots.modifiers.modifiers.leaf_harvester.desc
roots.modifiers.modifiers.fortunate_scythe
roots.modifiers.modifiers.fortunate_scythe.desc
roots.modifiers.modifiers.mushroom_harvester
roots.modifiers.modifiers.mushroom_harvester.desc
roots.modifiers.modifiers.voiding_scythe
roots.modifiers.modifiers.voiding_scythe.desc
roots.modifiers.modifiers.silk_scythe
roots.modifiers.modifiers.silk_scythe.desc
roots.modifiers.modifiers.flower_harvester
roots.modifiers.modifiers.flower_harvester.desc
roots.modifiers.modifiers.blazing_speed
roots.modifiers.modifiers.blazing_speed.desc
roots.modifiers.modifiers.wider
roots.modifiers.modifiers.wider.desc
roots.modifiers.modifiers.smelting_ray
roots.modifiers.modifiers.smelting_ray.desc
roots.modifiers.modifiers.shatter_fortune
roots.modifiers.modifiers.shatter_fortune.desc
roots.modifiers.modifiers.deeper
roots.modifiers.modifiers.deeper.desc
roots.modifiers.modifiers.taller
roots.modifiers.modifiers.taller.desc
roots.modifiers.modifiers.shatter_silk_touch
roots.modifiers.modifiers.shatter_silk_touch.desc
roots.modifiers.modifiers.moss_harvest
roots.modifiers.modifiers.moss_harvest.desc
roots.modifiers.modifiers.shatter_void
roots.modifiers.modifiers.shatter_void.desc
roots.modifiers.modifiers.magnetic_ray
roots.modifiers.modifiers.magnetic_ray.desc
roots.modifiers.modifiers.singularity
roots.modifiers.modifiers.singularity.desc
roots.modifiers.modifiers.unholy_vanquisher
roots.modifiers.modifiers.unholy_vanquisher.desc
roots.modifiers.modifiers.weakening_cloud
roots.modifiers.modifiers.weakening_cloud.desc
roots.modifiers.modifiers.increased_speed
roots.modifiers.modifiers.increased_speed.desc
roots.modifiers.modifiers.underwater_increase
roots.modifiers.modifiers.underwater_increase.desc
roots.modifiers.modifiers.fire_cloud
roots.modifiers.modifiers.fire_cloud.desc
roots.modifiers.modifiers.peaceful_cloud
roots.modifiers.modifiers.peaceful_cloud.desc
roots.modifiers.modifiers.healing_cloud
roots.modifiers.modifiers.healing_cloud.desc
roots.modifiers.modifiers.slowing
roots.modifiers.modifiers.slowing.desc
roots.modifiers.modifiers.moonfall
roots.modifiers.modifiers.moonfall.desc
roots.modifiers.modifiers.radius_boost
roots.modifiers.modifiers.radius_boost.desc
roots.modifiers.modifiers.glowing_ray
roots.modifiers.modifiers.glowing_ray.desc
roots.modifiers.modifiers.burning_ray
roots.modifiers.modifiers.burning_ray.desc
roots.modifiers.modifiers.withering_ray
roots.modifiers.modifiers.withering_ray.desc
roots.modifiers.modifiers.sickly_ray
roots.modifiers.modifiers.sickly_ray.desc
roots.modifiers.modifiers.peaceful_radiance
roots.modifiers.modifiers.peaceful_radiance.desc
roots.modifiers.modifiers.healing_ray
roots.modifiers.modifiers.healing_ray.desc
roots.modifiers.modifiers.slowing_ray
roots.modifiers.modifiers.slowing_ray.desc
roots.modifiers.modifiers.magnetic_radiance
roots.modifiers.modifiers.magnetic_radiance.desc
roots.modifiers.modifiers.wider_ray
roots.modifiers.modifiers.wider_ray.desc
roots.modifiers.modifiers.purple_light
roots.modifiers.modifiers.purple_light.desc
roots.modifiers.modifiers.decaying_light
roots.modifiers.modifiers.decaying_light.desc
roots.modifiers.modifiers.brown_light
roots.modifiers.modifiers.brown_light.desc
roots.modifiers.modifiers.blue_light
roots.modifiers.modifiers.blue_light.desc
roots.modifiers.modifiers.yellow_light
roots.modifiers.modifiers.yellow_light.desc
roots.modifiers.modifiers.red_light
roots.modifiers.modifiers.red_light.desc
roots.modifiers.modifiers.green_light
roots.modifiers.modifiers.green_light.desc
roots.modifiers.modifiers.pink_light
roots.modifiers.modifiers.pink_light.desc
roots.modifiers.modifiers.fixed_light
roots.modifiers.modifiers.fixed_light.desc
roots.modifiers.modifiers.deluminator
roots.modifiers.modifiers.deluminator.desc
roots.modifiers.modifiers.excess_heal
roots.modifiers.modifiers.excess_heal.desc
roots.modifiers.modifiers.excess_stone_skin
roots.modifiers.modifiers.excess_stone_skin.desc
roots.modifiers.modifiers.amplified_saturation
roots.modifiers.modifiers.amplified_saturation.desc
roots.modifiers.modifiers.excess_absorb
roots.modifiers.modifiers.excess_absorb.desc
roots.modifiers.modifiers.excess_growth
roots.modifiers.modifiers.excess_growth.desc
roots.modifiers.modifiers.thoughtful
roots.modifiers.modifiers.thoughtful.desc
roots.modifiers.modifiers.excess_purification
roots.modifiers.modifiers.excess_purification.desc
roots.modifiers.modifiers.excess_damage
roots.modifiers.modifiers.excess_damage.desc
roots.modifiers.modifiers.excess_levitation
roots.modifiers.modifiers.excess_levitation.desc
roots.modifiers.modifiers.lightened_load
roots.modifiers.modifiers.lightened_load.desc
roots.modifiers.modifiers.peaceful_drain
roots.modifiers.modifiers.peaceful_drain.desc
roots.modifiers.modifiers.brimstone
roots.modifiers.modifiers.brimstone.desc
roots.modifiers.modifiers.targeted_drain
roots.modifiers.modifiers.targeted_drain.desc
roots.modifiers.modifiers.amplified_healing
roots.modifiers.modifiers.amplified_healing.desc
roots.modifiers.modifiers.chthonic
roots.modifiers.modifiers.chthonic.desc
roots.modifiers.modifiers.distributed_healing
roots.modifiers.modifiers.distributed_healing.desc
roots.modifiers.modifiers.spectral_drain
roots.modifiers.modifiers.spectral_drain.desc
roots.modifiers.modifiers.slowing_drain
roots.modifiers.modifiers.slowing_drain.desc
roots.modifiers.modifiers.nondetection
roots.modifiers.modifiers.nondetection.desc
roots.modifiers.modifiers.sense_spawners
roots.modifiers.modifiers.sense_spawners.desc
roots.modifiers.modifiers.sense_ores
roots.modifiers.modifiers.sense_ores.desc
roots.modifiers.modifiers.sense_containers
roots.modifiers.modifiers.sense_containers.desc
roots.modifiers.modifiers.sense_animals
roots.modifiers.modifiers.sense_animals.desc
roots.modifiers.modifiers.sense_home
roots.modifiers.modifiers.sense_home.desc
roots.modifiers.modifiers.sense_plants
roots.modifiers.modifiers.sense_plants.desc
roots.modifiers.modifiers.sense_time
roots.modifiers.modifiers.sense_time.desc
roots.modifiers.modifiers.sense_liquids
roots.modifiers.modifiers.sense_liquids.desc
roots.modifiers.modifiers.sense_hostiles
roots.modifiers.modifiers.sense_hostiles.desc
roots.modifiers.modifiers.bitter_luck
roots.modifiers.modifiers.bitter_luck.desc
roots.modifiers.modifiers.absorption
roots.modifiers.modifiers.absorption.desc
roots.modifiers.modifiers.reach
roots.modifiers.modifiers.reach.desc
roots.modifiers.modifiers.speed
roots.modifiers.modifiers.speed.desc
roots.modifiers.modifiers.augment_slow_fall
roots.modifiers.modifiers.augment_slow_fall.desc
roots.modifiers.modifiers.light_drifter
roots.modifiers.modifiers.light_drifter.desc
roots.modifiers.modifiers.strength_of_flame
roots.modifiers.modifiers.strength_of_flame.desc
roots.modifiers.modifiers.magnetism
roots.modifiers.modifiers.magnetism.desc
roots.modifiers.modifiers.haste
roots.modifiers.modifiers.haste.desc
roots.modifiers.modifiers.second_wind
roots.modifiers.modifiers.second_wind.desc
roots.modifiers.modifiers.spread
roots.modifiers.modifiers.spread.desc
roots.modifiers.modifiers.peaceful_storm
roots.modifiers.modifiers.peaceful_storm.desc
roots.modifiers.modifiers.ignification
roots.modifiers.modifiers.ignification.desc
roots.modifiers.modifiers.healing_rain
roots.modifiers.modifiers.healing_rain.desc
roots.modifiers.modifiers.icicles
roots.modifiers.modifiers.icicles.desc
roots.modifiers.modifiers.freezing_rain
roots.modifiers.modifiers.freezing_rain.desc
roots.modifiers.modifiers.reactive_jolt
roots.modifiers.modifiers.reactive_jolt.desc
roots.modifiers.modifiers.poison_storm
roots.modifiers.modifiers.poison_storm.desc
roots.modifiers.modifiers.lightning_strikes
roots.modifiers.modifiers.lightning_strikes.desc
roots.modifiers.modifiers.magnetic_storm
roots.modifiers.modifiers.magnetic_storm.desc
roots.modifiers.modifiers.grounded_wind
roots.modifiers.modifiers.grounded_wind.desc
roots.modifiers.modifiers.suction
roots.modifiers.modifiers.suction.desc
roots.modifiers.modifiers.extinguisher
roots.modifiers.modifiers.extinguisher.desc
roots.modifiers.modifiers.flaming_wind
roots.modifiers.modifiers.flaming_wind.desc
roots.modifiers.modifiers.strong_gusts
roots.modifiers.modifiers.strong_gusts.desc
roots.modifiers.modifiers.peaceful_winds
roots.modifiers.modifiers.peaceful_winds.desc
roots.modifiers.modifiers.circle_of_winds
roots.modifiers.modifiers.circle_of_winds.desc
roots.modifiers.modifiers.item_updraft
roots.modifiers.modifiers.item_updraft.desc
roots.modifiers.modifiers.slow_falling
roots.modifiers.modifiers.slow_falling.desc
roots.modifiers.modifiers.poisonous_breeze
roots.modifiers.modifiers.poisonous_breeze.desc
roots.modifiers.modifiers.fiery_harvest
roots.modifiers.modifiers.fiery_harvest.desc
roots.modifiers.modifiers.extended_harvest
roots.modifiers.modifiers.extended_harvest.desc
roots.modifiers.modifiers.poisoned_harvest
roots.modifiers.modifiers.poisoned_harvest.desc
roots.modifiers.modifiers.magnetic_harvest
roots.modifiers.modifiers.magnetic_harvest.desc
roots.modifiers.modifiers.targeted_harvest
roots.modifiers.modifiers.targeted_harvest.desc
roots.modifiers.modifiers.gifts_of_undeath
roots.modifiers.modifiers.gifts_of_undeath.desc
roots.modifiers.modifiers.regrowth
roots.modifiers.modifiers.regrowth.desc
roots.modifiers.modifiers.yield
roots.modifiers.modifiers.yield.desc
roots.modifiers.modifiers.harvest_silk_touch
roots.modifiers.modifiers.harvest_silk_touch.desc
roots.modifiers.modifiers.react_radiance
roots.modifiers.modifiers.react_radiance.desc
roots.modifiers.modifiers.react_slow
roots.modifiers.modifiers.react_slow.desc
roots.modifiers.modifiers.react_poison
roots.modifiers.modifiers.react_poison.desc
roots.modifiers.modifiers.react_daggers
roots.modifiers.modifiers.react_daggers.desc
roots.modifiers.modifiers.mossy_leaves
roots.modifiers.modifiers.mossy_leaves.desc
roots.modifiers.modifiers.react_drift
roots.modifiers.modifiers.react_drift.desc
roots.modifiers.modifiers.react_weakness
roots.modifiers.modifiers.react_weakness.desc
roots.modifiers.modifiers.peaceful_dance
roots.modifiers.modifiers.peaceful_dance.desc
roots.modifiers.modifiers.react_fire
roots.modifiers.modifiers.react_fire.desc
roots.modifiers.modifiers.petal_overflow
roots.modifiers.modifiers.petal_overflow.desc
